# JRE version: Java(TM) SE Runtime Environment (8.0_181-b13) (build 1.8.0_181-b13)
# Java VM: Java HotSpot(TM) 64-Bit Server VM (25.181-b13 mixed mode windows-amd64 compressed oops)
Heap:
 PSYoungGen      total 491520K, used 59039K [0x00000000d5800000, 0x00000000f5880000, 0x0000000100000000)
  eden space 467456K, 12% used [0x00000000d5800000,0x00000000d91a7ff8,0x00000000f2080000)
  from space 24064K, 0% used [0x00000000f2080000,0x00000000f2080000,0x00000000f3800000)
  to   space 19456K, 0% used [0x00000000f3800000,0x00000000f3800000,0x00000000f4b00000)
 ParOldGen       total 144384K, used 51730K [0x0000000080800000, 0x0000000089500000, 0x00000000d5800000)
  object space 144384K, 35% used [0x0000000080800000,0x0000000083a84a30,0x0000000089500000)
 Metaspace       used 60313K, capacity 61114K, committed 61440K, reserved 1103872K
  class space    used 7699K, capacity 7909K, committed 7936K, reserved 1048576K
GC Heap History (10 events):
Event: 7.560 GC heap before
{Heap before GC invocations=12 (full 2):
 PSYoungGen      total 358912K, used 358911K [0x00000000d5800000, 0x00000000f4b00000, 0x0000000100000000)
  eden space 346112K, 100% used [0x00000000d5800000,0x00000000eaa00000,0x00000000eaa00000)
  from space 12800K, 99% used [0x00000000eaa00000,0x00000000eb67fdb0,0x00000000eb680000)
  to   space 19456K, 0% used [0x00000000f3800000,0x00000000f3800000,0x00000000f4b00000)
 ParOldGen       total 88064K, used 32393K [0x0000000080800000, 0x0000000085e00000, 0x00000000d5800000)
  object space 88064K, 36% used [0x0000000080800000,0x00000000827a25f0,0x0000000085e00000)
 Metaspace       used 42565K, capacity 43082K, committed 43648K, reserved 1087488K
  class space    used 5263K, capacity 5386K, committed 5504K, reserved 1048576K
Event: 7.595 GC heap after
Heap after GC invocations=12 (full 2):
 PSYoungGen      total 486912K, used 19452K [0x00000000d5800000, 0x00000000f5880000, 0x0000000100000000)
  eden space 467456K, 0% used [0x00000000d5800000,0x00000000d5800000,0x00000000f2080000)
  from space 19456K, 99% used [0x00000000f3800000,0x00000000f4aff3b8,0x00000000f4b00000)
  to   space 24064K, 0% used [0x00000000f2080000,0x00000000f2080000,0x00000000f3800000)
 ParOldGen       total 88064K, used 38056K [0x0000000080800000, 0x0000000085e00000, 0x00000000d5800000)
  object space 88064K, 43% used [0x0000000080800000,0x0000000082d2a228,0x0000000085e00000)
 Metaspace       used 42565K, capacity 43082K, committed 43648K, reserved 1087488K
  class space    used 5263K, capacity 5386K, committed 5504K, reserved 1048576K
}
Event: 8.899 GC heap before
{Heap before GC invocations=13 (full 2):
 PSYoungGen      total 486912K, used 486908K [0x00000000d5800000, 0x00000000f5880000, 0x0000000100000000)
  eden space 467456K, 100% used [0x00000000d5800000,0x00000000f2080000,0x00000000f2080000)
  from space 19456K, 99% used [0x00000000f3800000,0x00000000f4aff3b8,0x00000000f4b00000)
  to   space 24064K, 0% used [0x00000000f2080000,0x00000000f2080000,0x00000000f3800000)
 ParOldGen       total 88064K, used 38056K [0x0000000080800000, 0x0000000085e00000, 0x00000000d5800000)
  object space 88064K, 43% used [0x0000000080800000,0x0000000082d2a228,0x0000000085e00000)
 Metaspace       used 45549K, capacity 46052K, committed 46592K, reserved 1089536K
  class space    used 5657K, capacity 5775K, committed 5888K, reserved 1048576K
Event: 8.933 GC heap after
Heap after GC invocations=13 (full 2):
 PSYoungGen      total 491520K, used 24058K [0x00000000d5800000, 0x00000000f5880000, 0x0000000100000000)
  eden space 467456K, 0% used [0x00000000d5800000,0x00000000d5800000,0x00000000f2080000)
  from space 24064K, 99% used [0x00000000f2080000,0x00000000f37fe8e8,0x00000000f3800000)
  to   space 19456K, 0% used [0x00000000f3800000,0x00000000f3800000,0x00000000f4b00000)
 ParOldGen       total 88064K, used 55991K [0x0000000080800000, 0x0000000085e00000, 0x00000000d5800000)
  object space 88064K, 63% used [0x0000000080800000,0x0000000083eadf18,0x0000000085e00000)
 Metaspace       used 45549K, capacity 46052K, committed 46592K, reserved 1089536K
  class space    used 5657K, capacity 5775K, committed 5888K, reserved 1048576K
}
Event: 10.334 GC heap before
{Heap before GC invocations=14 (full 2):
 PSYoungGen      total 491520K, used 491514K [0x00000000d5800000, 0x00000000f5880000, 0x0000000100000000)
  eden space 467456K, 100% used [0x00000000d5800000,0x00000000f2080000,0x00000000f2080000)
  from space 24064K, 99% used [0x00000000f2080000,0x00000000f37fe8e8,0x00000000f3800000)
  to   space 19456K, 0% used [0x00000000f3800000,0x00000000f3800000,0x00000000f4b00000)
 ParOldGen       total 88064K, used 55991K [0x0000000080800000, 0x0000000085e00000, 0x00000000d5800000)
  object space 88064K, 63% used [0x0000000080800000,0x0000000083eadf18,0x0000000085e00000)
 Metaspace       used 48276K, capacity 49020K, committed 49280K, reserved 1091584K
  class space    used 6007K, capacity 6179K, committed 6272K, reserved 1048576K
Event: 10.384 GC heap after
Heap after GC invocations=14 (full 2):
 PSYoungGen      total 486912K, used 19437K [0x00000000d5800000, 0x00000000f5880000, 0x0000000100000000)
  eden space 467456K, 0% used [0x00000000d5800000,0x00000000d5800000,0x00000000f2080000)
  from space 19456K, 99% used [0x00000000f3800000,0x00000000f4afb700,0x00000000f4b00000)
  to   space 24064K, 0% used [0x00000000f2080000,0x00000000f2080000,0x00000000f3800000)
 ParOldGen       total 88064K, used 70761K [0x0000000080800000, 0x0000000085e00000, 0x00000000d5800000)
  object space 88064K, 80% used [0x0000000080800000,0x0000000084d1a7a8,0x0000000085e00000)
 Metaspace       used 48276K, capacity 49020K, committed 49280K, reserved 1091584K
  class space    used 6007K, capacity 6179K, committed 6272K, reserved 1048576K
}
Event: 41.951 GC heap before
{Heap before GC invocations=15 (full 2):
 PSYoungGen      total 486912K, used 268635K [0x00000000d5800000, 0x00000000f5880000, 0x0000000100000000)
  eden space 467456K, 53% used [0x00000000d5800000,0x00000000e4b5b860,0x00000000f2080000)
  from space 19456K, 99% used [0x00000000f3800000,0x00000000f4afb700,0x00000000f4b00000)
  to   space 24064K, 0% used [0x00000000f2080000,0x00000000f2080000,0x00000000f3800000)
 ParOldGen       total 88064K, used 70761K [0x0000000080800000, 0x0000000085e00000, 0x00000000d5800000)
  object space 88064K, 80% used [0x0000000080800000,0x0000000084d1a7a8,0x0000000085e00000)
 Metaspace       used 58085K, capacity 58870K, committed 59096K, reserved 1101824K
  class space    used 7351K, capacity 7551K, committed 7552K, reserved 1048576K
Event: 41.968 GC heap after
Heap after GC invocations=15 (full 2):
 PSYoungGen      total 491520K, used 16013K [0x00000000d5800000, 0x00000000f5880000, 0x0000000100000000)
  eden space 467456K, 0% used [0x00000000d5800000,0x00000000d5800000,0x00000000f2080000)
  from space 24064K, 66% used [0x00000000f2080000,0x00000000f3023540,0x00000000f3800000)
  to   space 19456K, 0% used [0x00000000f3800000,0x00000000f3800000,0x00000000f4b00000)
 ParOldGen       total 88064K, used 75713K [0x0000000080800000, 0x0000000085e00000, 0x00000000d5800000)
  object space 88064K, 85% used [0x0000000080800000,0x00000000851f0750,0x0000000085e00000)
 Metaspace       used 58085K, capacity 58870K, committed 59096K, reserved 1101824K
  class space    used 7351K, capacity 7551K, committed 7552K, reserved 1048576K
}
Event: 41.968 GC heap before
{Heap before GC invocations=16 (full 3):
 PSYoungGen      total 491520K, used 16013K [0x00000000d5800000, 0x00000000f5880000, 0x0000000100000000)
  eden space 467456K, 0% used [0x00000000d5800000,0x00000000d5800000,0x00000000f2080000)
  from space 24064K, 66% used [0x00000000f2080000,0x00000000f3023540,0x00000000f3800000)
  to   space 19456K, 0% used [0x00000000f3800000,0x00000000f3800000,0x00000000f4b00000)
 ParOldGen       total 88064K, used 75713K [0x0000000080800000, 0x0000000085e00000, 0x00000000d5800000)
  object space 88064K, 85% used [0x0000000080800000,0x00000000851f0750,0x0000000085e00000)
 Metaspace       used 58085K, capacity 58870K, committed 59096K, reserved 1101824K
  class space    used 7351K, capacity 7551K, committed 7552K, reserved 1048576K
Event: 42.115 GC heap after
Heap after GC invocations=16 (full 3):
 PSYoungGen      total 491520K, used 0K [0x00000000d5800000, 0x00000000f5880000, 0x0000000100000000)
  eden space 467456K, 0% used [0x00000000d5800000,0x00000000d5800000,0x00000000f2080000)
  from space 24064K, 0% used [0x00000000f2080000,0x00000000f2080000,0x00000000f3800000)
  to   space 19456K, 0% used [0x00000000f3800000,0x00000000f3800000,0x00000000f4b00000)
 ParOldGen       total 144384K, used 51730K [0x0000000080800000, 0x0000000089500000, 0x00000000d5800000)
  object space 144384K, 35% used [0x0000000080800000,0x0000000083a84a30,0x0000000089500000)
 Metaspace       used 58081K, capacity 58864K, committed 59096K, reserved 1101824K
  class space    used 7351K, capacity 7550K, committed 7552K, reserved 1048576K
}

