# JRE version: Java(TM) SE Runtime Environment (8.0_181-b13) (build 1.8.0_181-b13)
# Java VM: Java HotSpot(TM) 64-Bit Server VM (25.181-b13 mixed mode windows-amd64 compressed oops)
Heap:
 PSYoungGen      total 501760K, used 41520K [0x00000000d5800000, 0x00000000fe480000, 0x0000000100000000)
  eden space 472576K, 8% used [0x00000000d5800000,0x00000000d808c028,0x00000000f2580000)
  from space 29184K, 0% used [0x00000000f2580000,0x00000000f2580000,0x00000000f4200000)
  to   space 31744K, 0% used [0x00000000fc580000,0x00000000fc580000,0x00000000fe480000)
 ParOldGen       total 154112K, used 48263K [0x0000000080800000, 0x0000000089e80000, 0x00000000d5800000)
  object space 154112K, 31% used [0x0000000080800000,0x0000000083721e10,0x0000000089e80000)
 Metaspace       used 60341K, capacity 61098K, committed 61440K, reserved 1103872K
  class space    used 7676K, capacity 7865K, committed 7936K, reserved 1048576K
GC Heap History (10 events):
Event: 5.796 GC heap before
{Heap before GC invocations=12 (full 2):
 PSYoungGen      total 294400K, used 294374K [0x00000000d5800000, 0x00000000ee300000, 0x0000000100000000)
  eden space 279552K, 100% used [0x00000000d5800000,0x00000000e6900000,0x00000000e6900000)
  from space 14848K, 99% used [0x00000000e6900000,0x00000000e7779858,0x00000000e7780000)
  to   space 19456K, 0% used [0x00000000ed000000,0x00000000ed000000,0x00000000ee300000)
 ParOldGen       total 97792K, used 23656K [0x0000000080800000, 0x0000000086780000, 0x00000000d5800000)
  object space 97792K, 24% used [0x0000000080800000,0x0000000081f1a1b8,0x0000000086780000)
 Metaspace       used 43076K, capacity 43614K, committed 44032K, reserved 1087488K
  class space    used 5371K, capacity 5515K, committed 5632K, reserved 1048576K
Event: 5.814 GC heap after
Heap after GC invocations=12 (full 2):
 PSYoungGen      total 381440K, used 19451K [0x00000000d5800000, 0x00000000ee800000, 0x0000000100000000)
  eden space 361984K, 0% used [0x00000000d5800000,0x00000000d5800000,0x00000000eb980000)
  from space 19456K, 99% used [0x00000000ed000000,0x00000000ee2feca8,0x00000000ee300000)
  to   space 23040K, 0% used [0x00000000eb980000,0x00000000eb980000,0x00000000ed000000)
 ParOldGen       total 97792K, used 25982K [0x0000000080800000, 0x0000000086780000, 0x00000000d5800000)
  object space 97792K, 26% used [0x0000000080800000,0x000000008215fb08,0x0000000086780000)
 Metaspace       used 43076K, capacity 43614K, committed 44032K, reserved 1087488K
  class space    used 5371K, capacity 5515K, committed 5632K, reserved 1048576K
}
Event: 6.739 GC heap before
{Heap before GC invocations=13 (full 2):
 PSYoungGen      total 381440K, used 381435K [0x00000000d5800000, 0x00000000ee800000, 0x0000000100000000)
  eden space 361984K, 100% used [0x00000000d5800000,0x00000000eb980000,0x00000000eb980000)
  from space 19456K, 99% used [0x00000000ed000000,0x00000000ee2feca8,0x00000000ee300000)
  to   space 23040K, 0% used [0x00000000eb980000,0x00000000eb980000,0x00000000ed000000)
 ParOldGen       total 97792K, used 25982K [0x0000000080800000, 0x0000000086780000, 0x00000000d5800000)
  object space 97792K, 26% used [0x0000000080800000,0x000000008215fb08,0x0000000086780000)
 Metaspace       used 45332K, capacity 45850K, committed 46336K, reserved 1089536K
  class space    used 5659K, capacity 5809K, committed 5888K, reserved 1048576K
Event: 6.772 GC heap after
Heap after GC invocations=13 (full 2):
 PSYoungGen      total 385024K, used 21679K [0x00000000d5800000, 0x00000000f5b00000, 0x0000000100000000)
  eden space 361984K, 0% used [0x00000000d5800000,0x00000000d5800000,0x00000000eb980000)
  from space 23040K, 94% used [0x00000000eb980000,0x00000000eceabd98,0x00000000ed000000)
  to   space 25600K, 0% used [0x00000000f4200000,0x00000000f4200000,0x00000000f5b00000)
 ParOldGen       total 97792K, used 38953K [0x0000000080800000, 0x0000000086780000, 0x00000000d5800000)
  object space 97792K, 39% used [0x0000000080800000,0x0000000082e0a6d8,0x0000000086780000)
 Metaspace       used 45332K, capacity 45850K, committed 46336K, reserved 1089536K
  class space    used 5659K, capacity 5809K, committed 5888K, reserved 1048576K
}
Event: 7.741 GC heap before
{Heap before GC invocations=14 (full 2):
 PSYoungGen      total 385024K, used 383663K [0x00000000d5800000, 0x00000000f5b00000, 0x0000000100000000)
  eden space 361984K, 100% used [0x00000000d5800000,0x00000000eb980000,0x00000000eb980000)
  from space 23040K, 94% used [0x00000000eb980000,0x00000000eceabd98,0x00000000ed000000)
  to   space 25600K, 0% used [0x00000000f4200000,0x00000000f4200000,0x00000000f5b00000)
 ParOldGen       total 97792K, used 38953K [0x0000000080800000, 0x0000000086780000, 0x00000000d5800000)
  object space 97792K, 39% used [0x0000000080800000,0x0000000082e0a6d8,0x0000000086780000)
 Metaspace       used 47768K, capacity 48424K, committed 48768K, reserved 1091584K
  class space    used 5986K, capacity 6152K, committed 6272K, reserved 1048576K
Event: 7.773 GC heap after
Heap after GC invocations=14 (full 2):
 PSYoungGen      total 498176K, used 25431K [0x00000000d5800000, 0x00000000f6400000, 0x0000000100000000)
  eden space 472576K, 0% used [0x00000000d5800000,0x00000000d5800000,0x00000000f2580000)
  from space 25600K, 99% used [0x00000000f4200000,0x00000000f5ad5eb0,0x00000000f5b00000)
  to   space 29184K, 0% used [0x00000000f2580000,0x00000000f2580000,0x00000000f4200000)
 ParOldGen       total 97792K, used 43770K [0x0000000080800000, 0x0000000086780000, 0x00000000d5800000)
  object space 97792K, 44% used [0x0000000080800000,0x00000000832be990,0x0000000086780000)
 Metaspace       used 47768K, capacity 48424K, committed 48768K, reserved 1091584K
  class space    used 5986K, capacity 6152K, committed 6272K, reserved 1048576K
}
Event: 24.561 GC heap before
{Heap before GC invocations=15 (full 2):
 PSYoungGen      total 498176K, used 429747K [0x00000000d5800000, 0x00000000f6400000, 0x0000000100000000)
  eden space 472576K, 85% used [0x00000000d5800000,0x00000000ee2d7108,0x00000000f2580000)
  from space 25600K, 99% used [0x00000000f4200000,0x00000000f5ad5eb0,0x00000000f5b00000)
  to   space 29184K, 0% used [0x00000000f2580000,0x00000000f2580000,0x00000000f4200000)
 ParOldGen       total 97792K, used 43770K [0x0000000080800000, 0x0000000086780000, 0x00000000d5800000)
  object space 97792K, 44% used [0x0000000080800000,0x00000000832be990,0x0000000086780000)
 Metaspace       used 58224K, capacity 58884K, committed 59096K, reserved 1101824K
  class space    used 7334K, capacity 7512K, committed 7552K, reserved 1048576K
Event: 24.580 GC heap after
Heap after GC invocations=15 (full 2):
 PSYoungGen      total 501760K, used 23293K [0x00000000d5800000, 0x00000000fe480000, 0x0000000100000000)
  eden space 472576K, 0% used [0x00000000d5800000,0x00000000d5800000,0x00000000f2580000)
  from space 29184K, 79% used [0x00000000f2580000,0x00000000f3c3f460,0x00000000f4200000)
  to   space 31744K, 0% used [0x00000000fc580000,0x00000000fc580000,0x00000000fe480000)
 ParOldGen       total 97792K, used 47150K [0x0000000080800000, 0x0000000086780000, 0x00000000d5800000)
  object space 97792K, 48% used [0x0000000080800000,0x000000008360b9a0,0x0000000086780000)
 Metaspace       used 58224K, capacity 58884K, committed 59096K, reserved 1101824K
  class space    used 7334K, capacity 7512K, committed 7552K, reserved 1048576K
}
Event: 24.580 GC heap before
{Heap before GC invocations=16 (full 3):
 PSYoungGen      total 501760K, used 23293K [0x00000000d5800000, 0x00000000fe480000, 0x0000000100000000)
  eden space 472576K, 0% used [0x00000000d5800000,0x00000000d5800000,0x00000000f2580000)
  from space 29184K, 79% used [0x00000000f2580000,0x00000000f3c3f460,0x00000000f4200000)
  to   space 31744K, 0% used [0x00000000fc580000,0x00000000fc580000,0x00000000fe480000)
 ParOldGen       total 97792K, used 47150K [0x0000000080800000, 0x0000000086780000, 0x00000000d5800000)
  object space 97792K, 48% used [0x0000000080800000,0x000000008360b9a0,0x0000000086780000)
 Metaspace       used 58224K, capacity 58884K, committed 59096K, reserved 1101824K
  class space    used 7334K, capacity 7512K, committed 7552K, reserved 1048576K
Event: 24.708 GC heap after
Heap after GC invocations=16 (full 3):
 PSYoungGen      total 501760K, used 0K [0x00000000d5800000, 0x00000000fe480000, 0x0000000100000000)
  eden space 472576K, 0% used [0x00000000d5800000,0x00000000d5800000,0x00000000f2580000)
  from space 29184K, 0% used [0x00000000f2580000,0x00000000f2580000,0x00000000f4200000)
  to   space 31744K, 0% used [0x00000000fc580000,0x00000000fc580000,0x00000000fe480000)
 ParOldGen       total 154112K, used 48263K [0x0000000080800000, 0x0000000089e80000, 0x00000000d5800000)
  object space 154112K, 31% used [0x0000000080800000,0x0000000083721e10,0x0000000089e80000)
 Metaspace       used 58224K, capacity 58884K, committed 59096K, reserved 1101824K
  class space    used 7334K, capacity 7512K, committed 7552K, reserved 1048576K
}

