# JRE version: Java(TM) SE Runtime Environment (8.0_181-b13) (build 1.8.0_181-b13)
# Java VM: Java HotSpot(TM) 64-Bit Server VM (25.181-b13 mixed mode windows-amd64 compressed oops)
Heap:
 PSYoungGen      total 426496K, used 230061K [0x00000000d5800000, 0x00000000f1400000, 0x0000000100000000)
  eden space 406528K, 51% used [0x00000000d5800000,0x00000000e252bf28,0x00000000ee500000)
  from space 19968K, 99% used [0x00000000efe00000,0x00000000f117f4f0,0x00000000f1180000)
  to   space 24064K, 0% used [0x00000000ee500000,0x00000000ee500000,0x00000000efc80000)
 ParOldGen       total 89088K, used 55791K [0x0000000080800000, 0x0000000085f00000, 0x00000000d5800000)
  object space 89088K, 62% used [0x0000000080800000,0x0000000083e7bfe8,0x0000000085f00000)
 Metaspace       used 56532K, capacity 57176K, committed 57472K, reserved 1099776K
  class space    used 7111K, capacity 7286K, committed 7296K, reserved 1048576K
GC Heap History (10 events):
Event: 4.555 GC heap before
{Heap before GC invocations=10 (full 2):
 PSYoungGen      total 317952K, used 11881K [0x00000000d5800000, 0x00000000ebc00000, 0x0000000100000000)
  eden space 304128K, 0% used [0x00000000d5800000,0x00000000d5800000,0x00000000e8100000)
  from space 13824K, 85% used [0x00000000e8f80000,0x00000000e9b1a7e0,0x00000000e9d00000)
  to   space 14848K, 0% used [0x00000000e8100000,0x00000000e8100000,0x00000000e8f80000)
 ParOldGen       total 60416K, used 16662K [0x0000000080800000, 0x0000000084300000, 0x00000000d5800000)
  object space 60416K, 27% used [0x0000000080800000,0x0000000081845890,0x0000000084300000)
 Metaspace       used 34808K, capacity 35184K, committed 35456K, reserved 1081344K
  class space    used 4314K, capacity 4407K, committed 4480K, reserved 1048576K
Event: 4.635 GC heap after
Heap after GC invocations=10 (full 2):
 PSYoungGen      total 317952K, used 0K [0x00000000d5800000, 0x00000000ebc00000, 0x0000000100000000)
  eden space 304128K, 0% used [0x00000000d5800000,0x00000000d5800000,0x00000000e8100000)
  from space 13824K, 0% used [0x00000000e8f80000,0x00000000e8f80000,0x00000000e9d00000)
  to   space 14848K, 0% used [0x00000000e8100000,0x00000000e8100000,0x00000000e8f80000)
 ParOldGen       total 89088K, used 16511K [0x0000000080800000, 0x0000000085f00000, 0x00000000d5800000)
  object space 89088K, 18% used [0x0000000080800000,0x000000008181fd90,0x0000000085f00000)
 Metaspace       used 34808K, capacity 35184K, committed 35456K, reserved 1081344K
  class space    used 4314K, capacity 4407K, committed 4480K, reserved 1048576K
}
Event: 5.856 GC heap before
{Heap before GC invocations=11 (full 2):
 PSYoungGen      total 317952K, used 304128K [0x00000000d5800000, 0x00000000ebc00000, 0x0000000100000000)
  eden space 304128K, 100% used [0x00000000d5800000,0x00000000e8100000,0x00000000e8100000)
  from space 13824K, 0% used [0x00000000e8f80000,0x00000000e8f80000,0x00000000e9d00000)
  to   space 14848K, 0% used [0x00000000e8100000,0x00000000e8100000,0x00000000e8f80000)
 ParOldGen       total 89088K, used 16511K [0x0000000080800000, 0x0000000085f00000, 0x00000000d5800000)
  object space 89088K, 18% used [0x0000000080800000,0x000000008181fd90,0x0000000085f00000)
 Metaspace       used 39419K, capacity 39834K, committed 40064K, reserved 1085440K
  class space    used 4893K, capacity 4990K, committed 4992K, reserved 1048576K
Event: 5.874 GC heap after
Heap after GC invocations=11 (full 2):
 PSYoungGen      total 318976K, used 14825K [0x00000000d5800000, 0x00000000f1180000, 0x0000000100000000)
  eden space 304128K, 0% used [0x00000000d5800000,0x00000000d5800000,0x00000000e8100000)
  from space 14848K, 99% used [0x00000000e8100000,0x00000000e8f7a6a0,0x00000000e8f80000)
  to   space 19968K, 0% used [0x00000000efe00000,0x00000000efe00000,0x00000000f1180000)
 ParOldGen       total 89088K, used 24181K [0x0000000080800000, 0x0000000085f00000, 0x00000000d5800000)
  object space 89088K, 27% used [0x0000000080800000,0x0000000081f9d788,0x0000000085f00000)
 Metaspace       used 39419K, capacity 39834K, committed 40064K, reserved 1085440K
  class space    used 4893K, capacity 4990K, committed 4992K, reserved 1048576K
}
Event: 6.802 GC heap before
{Heap before GC invocations=12 (full 2):
 PSYoungGen      total 318976K, used 318953K [0x00000000d5800000, 0x00000000f1180000, 0x0000000100000000)
  eden space 304128K, 100% used [0x00000000d5800000,0x00000000e8100000,0x00000000e8100000)
  from space 14848K, 99% used [0x00000000e8100000,0x00000000e8f7a6a0,0x00000000e8f80000)
  to   space 19968K, 0% used [0x00000000efe00000,0x00000000efe00000,0x00000000f1180000)
 ParOldGen       total 89088K, used 24181K [0x0000000080800000, 0x0000000085f00000, 0x00000000d5800000)
  object space 89088K, 27% used [0x0000000080800000,0x0000000081f9d788,0x0000000085f00000)
 Metaspace       used 43174K, capacity 43684K, committed 44032K, reserved 1087488K
  class space    used 5384K, capacity 5516K, committed 5632K, reserved 1048576K
Event: 6.816 GC heap after
Heap after GC invocations=12 (full 2):
 PSYoungGen      total 426496K, used 19950K [0x00000000d5800000, 0x00000000f1400000, 0x0000000100000000)
  eden space 406528K, 0% used [0x00000000d5800000,0x00000000d5800000,0x00000000ee500000)
  from space 19968K, 99% used [0x00000000efe00000,0x00000000f117bb48,0x00000000f1180000)
  to   space 24064K, 0% used [0x00000000ee500000,0x00000000ee500000,0x00000000efc80000)
 ParOldGen       total 89088K, used 27857K [0x0000000080800000, 0x0000000085f00000, 0x00000000d5800000)
  object space 89088K, 31% used [0x0000000080800000,0x0000000082334470,0x0000000085f00000)
 Metaspace       used 43174K, capacity 43684K, committed 44032K, reserved 1087488K
  class space    used 5384K, capacity 5516K, committed 5632K, reserved 1048576K
}
Event: 7.853 GC heap before
{Heap before GC invocations=13 (full 2):
 PSYoungGen      total 426496K, used 426478K [0x00000000d5800000, 0x00000000f1400000, 0x0000000100000000)
  eden space 406528K, 100% used [0x00000000d5800000,0x00000000ee500000,0x00000000ee500000)
  from space 19968K, 99% used [0x00000000efe00000,0x00000000f117bb48,0x00000000f1180000)
  to   space 24064K, 0% used [0x00000000ee500000,0x00000000ee500000,0x00000000efc80000)
 ParOldGen       total 89088K, used 27857K [0x0000000080800000, 0x0000000085f00000, 0x00000000d5800000)
  object space 89088K, 31% used [0x0000000080800000,0x0000000082334470,0x0000000085f00000)
 Metaspace       used 46040K, capacity 46596K, committed 46976K, reserved 1089536K
  class space    used 5752K, capacity 5906K, committed 6016K, reserved 1048576K
Event: 7.887 GC heap after
Heap after GC invocations=13 (full 2):
 PSYoungGen      total 430592K, used 24051K [0x00000000d5800000, 0x00000000f1400000, 0x0000000100000000)
  eden space 406528K, 0% used [0x00000000d5800000,0x00000000d5800000,0x00000000ee500000)
  from space 24064K, 99% used [0x00000000ee500000,0x00000000efc7cc30,0x00000000efc80000)
  to   space 19968K, 0% used [0x00000000efe00000,0x00000000efe00000,0x00000000f1180000)
 ParOldGen       total 89088K, used 43210K [0x0000000080800000, 0x0000000085f00000, 0x00000000d5800000)
  object space 89088K, 48% used [0x0000000080800000,0x00000000832329d0,0x0000000085f00000)
 Metaspace       used 46040K, capacity 46596K, committed 46976K, reserved 1089536K
  class space    used 5752K, capacity 5906K, committed 6016K, reserved 1048576K
}
Event: 9.023 GC heap before
{Heap before GC invocations=14 (full 2):
 PSYoungGen      total 430592K, used 430579K [0x00000000d5800000, 0x00000000f1400000, 0x0000000100000000)
  eden space 406528K, 100% used [0x00000000d5800000,0x00000000ee500000,0x00000000ee500000)
  from space 24064K, 99% used [0x00000000ee500000,0x00000000efc7cc30,0x00000000efc80000)
  to   space 19968K, 0% used [0x00000000efe00000,0x00000000efe00000,0x00000000f1180000)
 ParOldGen       total 89088K, used 43210K [0x0000000080800000, 0x0000000085f00000, 0x00000000d5800000)
  object space 89088K, 48% used [0x0000000080800000,0x00000000832329d0,0x0000000085f00000)
 Metaspace       used 48460K, capacity 49232K, committed 49536K, reserved 1093632K
  class space    used 6060K, capacity 6244K, committed 6272K, reserved 1048576K
Event: 9.061 GC heap after
Heap after GC invocations=14 (full 2):
 PSYoungGen      total 426496K, used 19965K [0x00000000d5800000, 0x00000000f1400000, 0x0000000100000000)
  eden space 406528K, 0% used [0x00000000d5800000,0x00000000d5800000,0x00000000ee500000)
  from space 19968K, 99% used [0x00000000efe00000,0x00000000f117f4f0,0x00000000f1180000)
  to   space 24064K, 0% used [0x00000000ee500000,0x00000000ee500000,0x00000000efc80000)
 ParOldGen       total 89088K, used 55791K [0x0000000080800000, 0x0000000085f00000, 0x00000000d5800000)
  object space 89088K, 62% used [0x0000000080800000,0x0000000083e7bfe8,0x0000000085f00000)
 Metaspace       used 48460K, capacity 49232K, committed 49536K, reserved 1093632K
  class space    used 6060K, capacity 6244K, committed 6272K, reserved 1048576K
}

