# JRE version: Java(TM) SE Runtime Environment (8.0_181-b13) (build 1.8.0_181-b13)
# Java VM: Java HotSpot(TM) 64-Bit Server VM (25.181-b13 mixed mode windows-amd64 compressed oops)
Heap:
 PSYoungGen      total 493568K, used 288745K [0x00000000d5800000, 0x00000000f5600000, 0x0000000100000000)
  eden space 467456K, 56% used [0x00000000d5800000,0x00000000e587eaa8,0x00000000f2080000)
  from space 26112K, 99% used [0x00000000f2080000,0x00000000f39fbac0,0x00000000f3a00000)
  to   space 21504K, 0% used [0x00000000f3a00000,0x00000000f3a00000,0x00000000f4f00000)
 ParOldGen       total 83456K, used 47982K [0x0000000080800000, 0x0000000085980000, 0x00000000d5800000)
  object space 83456K, 57% used [0x0000000080800000,0x00000000836dbb68,0x0000000085980000)
 Metaspace       used 48227K, capacity 48878K, committed 49280K, reserved 1091584K
  class space    used 6039K, capacity 6217K, committed 6272K, reserved 1048576K
GC Heap History (10 events):
Event: 4.737 GC heap before
{Heap before GC invocations=9 (full 1):
 PSYoungGen      total 222720K, used 25106K [0x00000000d5800000, 0x00000000ec580000, 0x0000000100000000)
  eden space 212992K, 7% used [0x00000000d5800000,0x00000000d670ab38,0x00000000e2800000)
  from space 9728K, 99% used [0x00000000e2800000,0x00000000e3179f28,0x00000000e3180000)
  to   space 14336K, 0% used [0x00000000eb780000,0x00000000eb780000,0x00000000ec580000)
 ParOldGen       total 57344K, used 17659K [0x0000000080800000, 0x0000000084000000, 0x00000000d5800000)
  object space 57344K, 30% used [0x0000000080800000,0x000000008193ed78,0x0000000084000000)
 Metaspace       used 34811K, capacity 35184K, committed 35456K, reserved 1081344K
  class space    used 4314K, capacity 4407K, committed 4480K, reserved 1048576K
Event: 4.748 GC heap after
Heap after GC invocations=9 (full 1):
 PSYoungGen      total 359424K, used 10690K [0x00000000d5800000, 0x00000000ed180000, 0x0000000100000000)
  eden space 345088K, 0% used [0x00000000d5800000,0x00000000d5800000,0x00000000ea900000)
  from space 14336K, 74% used [0x00000000eb780000,0x00000000ec1f0a40,0x00000000ec580000)
  to   space 14848K, 0% used [0x00000000ea900000,0x00000000ea900000,0x00000000eb780000)
 ParOldGen       total 57344K, used 17667K [0x0000000080800000, 0x0000000084000000, 0x00000000d5800000)
  object space 57344K, 30% used [0x0000000080800000,0x0000000081940d78,0x0000000084000000)
 Metaspace       used 34811K, capacity 35184K, committed 35456K, reserved 1081344K
  class space    used 4314K, capacity 4407K, committed 4480K, reserved 1048576K
}
Event: 4.748 GC heap before
{Heap before GC invocations=10 (full 2):
 PSYoungGen      total 359424K, used 10690K [0x00000000d5800000, 0x00000000ed180000, 0x0000000100000000)
  eden space 345088K, 0% used [0x00000000d5800000,0x00000000d5800000,0x00000000ea900000)
  from space 14336K, 74% used [0x00000000eb780000,0x00000000ec1f0a40,0x00000000ec580000)
  to   space 14848K, 0% used [0x00000000ea900000,0x00000000ea900000,0x00000000eb780000)
 ParOldGen       total 57344K, used 17667K [0x0000000080800000, 0x0000000084000000, 0x00000000d5800000)
  object space 57344K, 30% used [0x0000000080800000,0x0000000081940d78,0x0000000084000000)
 Metaspace       used 34811K, capacity 35184K, committed 35456K, reserved 1081344K
  class space    used 4314K, capacity 4407K, committed 4480K, reserved 1048576K
Event: 4.822 GC heap after
Heap after GC invocations=10 (full 2):
 PSYoungGen      total 359424K, used 0K [0x00000000d5800000, 0x00000000ed180000, 0x0000000100000000)
  eden space 345088K, 0% used [0x00000000d5800000,0x00000000d5800000,0x00000000ea900000)
  from space 14336K, 0% used [0x00000000eb780000,0x00000000eb780000,0x00000000ec580000)
  to   space 14848K, 0% used [0x00000000ea900000,0x00000000ea900000,0x00000000eb780000)
 ParOldGen       total 83456K, used 15488K [0x0000000080800000, 0x0000000085980000, 0x00000000d5800000)
  object space 83456K, 18% used [0x0000000080800000,0x00000000817202c0,0x0000000085980000)
 Metaspace       used 34811K, capacity 35184K, committed 35456K, reserved 1081344K
  class space    used 4314K, capacity 4407K, committed 4480K, reserved 1048576K
}
Event: 6.380 GC heap before
{Heap before GC invocations=11 (full 2):
 PSYoungGen      total 359424K, used 345088K [0x00000000d5800000, 0x00000000ed180000, 0x0000000100000000)
  eden space 345088K, 100% used [0x00000000d5800000,0x00000000ea900000,0x00000000ea900000)
  from space 14336K, 0% used [0x00000000eb780000,0x00000000eb780000,0x00000000ec580000)
  to   space 14848K, 0% used [0x00000000ea900000,0x00000000ea900000,0x00000000eb780000)
 ParOldGen       total 83456K, used 15488K [0x0000000080800000, 0x0000000085980000, 0x00000000d5800000)
  object space 83456K, 18% used [0x0000000080800000,0x00000000817202c0,0x0000000085980000)
 Metaspace       used 41916K, capacity 42482K, committed 42752K, reserved 1087488K
  class space    used 5200K, capacity 5353K, committed 5376K, reserved 1048576K
Event: 6.397 GC heap after
Heap after GC invocations=11 (full 2):
 PSYoungGen      total 359936K, used 14841K [0x00000000d5800000, 0x00000000f4f00000, 0x0000000100000000)
  eden space 345088K, 0% used [0x00000000d5800000,0x00000000d5800000,0x00000000ea900000)
  from space 14848K, 99% used [0x00000000ea900000,0x00000000eb77e748,0x00000000eb780000)
  to   space 21504K, 0% used [0x00000000f3a00000,0x00000000f3a00000,0x00000000f4f00000)
 ParOldGen       total 83456K, used 27385K [0x0000000080800000, 0x0000000085980000, 0x00000000d5800000)
  object space 83456K, 32% used [0x0000000080800000,0x00000000822be5a0,0x0000000085980000)
 Metaspace       used 41916K, capacity 42482K, committed 42752K, reserved 1087488K
  class space    used 5200K, capacity 5353K, committed 5376K, reserved 1048576K
}
Event: 7.175 GC heap before
{Heap before GC invocations=12 (full 2):
 PSYoungGen      total 359936K, used 359929K [0x00000000d5800000, 0x00000000f4f00000, 0x0000000100000000)
  eden space 345088K, 100% used [0x00000000d5800000,0x00000000ea900000,0x00000000ea900000)
  from space 14848K, 99% used [0x00000000ea900000,0x00000000eb77e748,0x00000000eb780000)
  to   space 21504K, 0% used [0x00000000f3a00000,0x00000000f3a00000,0x00000000f4f00000)
 ParOldGen       total 83456K, used 27385K [0x0000000080800000, 0x0000000085980000, 0x00000000d5800000)
  object space 83456K, 32% used [0x0000000080800000,0x00000000822be5a0,0x0000000085980000)
 Metaspace       used 43604K, capacity 44138K, committed 44544K, reserved 1087488K
  class space    used 5436K, capacity 5581K, committed 5632K, reserved 1048576K
Event: 7.196 GC heap after
Heap after GC invocations=12 (full 2):
 PSYoungGen      total 488960K, used 21499K [0x00000000d5800000, 0x00000000f5600000, 0x0000000100000000)
  eden space 467456K, 0% used [0x00000000d5800000,0x00000000d5800000,0x00000000f2080000)
  from space 21504K, 99% used [0x00000000f3a00000,0x00000000f4efee38,0x00000000f4f00000)
  to   space 26112K, 0% used [0x00000000f2080000,0x00000000f2080000,0x00000000f3a00000)
 ParOldGen       total 83456K, used 31361K [0x0000000080800000, 0x0000000085980000, 0x00000000d5800000)
  object space 83456K, 37% used [0x0000000080800000,0x00000000826a0740,0x0000000085980000)
 Metaspace       used 43604K, capacity 44138K, committed 44544K, reserved 1087488K
  class space    used 5436K, capacity 5581K, committed 5632K, reserved 1048576K
}
Event: 8.461 GC heap before
{Heap before GC invocations=13 (full 2):
 PSYoungGen      total 488960K, used 488955K [0x00000000d5800000, 0x00000000f5600000, 0x0000000100000000)
  eden space 467456K, 100% used [0x00000000d5800000,0x00000000f2080000,0x00000000f2080000)
  from space 21504K, 99% used [0x00000000f3a00000,0x00000000f4efee38,0x00000000f4f00000)
  to   space 26112K, 0% used [0x00000000f2080000,0x00000000f2080000,0x00000000f3a00000)
 ParOldGen       total 83456K, used 31361K [0x0000000080800000, 0x0000000085980000, 0x00000000d5800000)
  object space 83456K, 37% used [0x0000000080800000,0x00000000826a0740,0x0000000085980000)
 Metaspace       used 46652K, capacity 47260K, committed 47744K, reserved 1091584K
  class space    used 5823K, capacity 5958K, committed 6016K, reserved 1048576K
Event: 8.510 GC heap after
Heap after GC invocations=13 (full 2):
 PSYoungGen      total 493568K, used 26094K [0x00000000d5800000, 0x00000000f5600000, 0x0000000100000000)
  eden space 467456K, 0% used [0x00000000d5800000,0x00000000d5800000,0x00000000f2080000)
  from space 26112K, 99% used [0x00000000f2080000,0x00000000f39fbac0,0x00000000f3a00000)
  to   space 21504K, 0% used [0x00000000f3a00000,0x00000000f3a00000,0x00000000f4f00000)
 ParOldGen       total 83456K, used 47982K [0x0000000080800000, 0x0000000085980000, 0x00000000d5800000)
  object space 83456K, 57% used [0x0000000080800000,0x00000000836dbb68,0x0000000085980000)
 Metaspace       used 46652K, capacity 47260K, committed 47744K, reserved 1091584K
  class space    used 5823K, capacity 5958K, committed 6016K, reserved 1048576K
}

